Analysis & Synthesis report for ALU
Thu May 02 21:10:42 2024
Quartus Prime Version 18.0.0 Build 614 04/24/2018 SJ Lite Edition


---------------------
; Table of Contents ;
---------------------
  1. Legal Notice
  2. Analysis & Synthesis Summary
  3. Analysis & Synthesis Settings
  4. Parallel Compilation
  5. Analysis & Synthesis Source Files Read
  6. Analysis & Synthesis Resource Usage Summary
  7. Analysis & Synthesis Resource Utilization by Entity
  8. General Register Statistics
  9. Multiplexer Restructuring Statistics (Restructuring Performed)
 10. Parameter Settings for User Entity Instance: ALUNBits:ALU_FPGA
 11. Port Connectivity Checks: "ALUNBits:ALU_FPGA|ALU:alubucle[31].ALUBitN_1"
 12. Port Connectivity Checks: "ALUNBits:ALU_FPGA|ALU:alubucle[30].ALUBitX"
 13. Port Connectivity Checks: "ALUNBits:ALU_FPGA|ALU:alubucle[29].ALUBitX"
 14. Port Connectivity Checks: "ALUNBits:ALU_FPGA|ALU:alubucle[28].ALUBitX"
 15. Port Connectivity Checks: "ALUNBits:ALU_FPGA|ALU:alubucle[27].ALUBitX"
 16. Port Connectivity Checks: "ALUNBits:ALU_FPGA|ALU:alubucle[26].ALUBitX"
 17. Port Connectivity Checks: "ALUNBits:ALU_FPGA|ALU:alubucle[25].ALUBitX"
 18. Port Connectivity Checks: "ALUNBits:ALU_FPGA|ALU:alubucle[24].ALUBitX"
 19. Port Connectivity Checks: "ALUNBits:ALU_FPGA|ALU:alubucle[23].ALUBitX"
 20. Port Connectivity Checks: "ALUNBits:ALU_FPGA|ALU:alubucle[22].ALUBitX"
 21. Port Connectivity Checks: "ALUNBits:ALU_FPGA|ALU:alubucle[21].ALUBitX"
 22. Port Connectivity Checks: "ALUNBits:ALU_FPGA|ALU:alubucle[20].ALUBitX"
 23. Port Connectivity Checks: "ALUNBits:ALU_FPGA|ALU:alubucle[19].ALUBitX"
 24. Port Connectivity Checks: "ALUNBits:ALU_FPGA|ALU:alubucle[18].ALUBitX"
 25. Port Connectivity Checks: "ALUNBits:ALU_FPGA|ALU:alubucle[17].ALUBitX"
 26. Port Connectivity Checks: "ALUNBits:ALU_FPGA|ALU:alubucle[16].ALUBitX"
 27. Port Connectivity Checks: "ALUNBits:ALU_FPGA|ALU:alubucle[15].ALUBitX"
 28. Port Connectivity Checks: "ALUNBits:ALU_FPGA|ALU:alubucle[14].ALUBitX"
 29. Port Connectivity Checks: "ALUNBits:ALU_FPGA|ALU:alubucle[13].ALUBitX"
 30. Port Connectivity Checks: "ALUNBits:ALU_FPGA|ALU:alubucle[12].ALUBitX"
 31. Port Connectivity Checks: "ALUNBits:ALU_FPGA|ALU:alubucle[11].ALUBitX"
 32. Port Connectivity Checks: "ALUNBits:ALU_FPGA|ALU:alubucle[10].ALUBitX"
 33. Port Connectivity Checks: "ALUNBits:ALU_FPGA|ALU:alubucle[9].ALUBitX"
 34. Port Connectivity Checks: "ALUNBits:ALU_FPGA|ALU:alubucle[8].ALUBitX"
 35. Port Connectivity Checks: "ALUNBits:ALU_FPGA|ALU:alubucle[7].ALUBitX"
 36. Port Connectivity Checks: "ALUNBits:ALU_FPGA|ALU:alubucle[6].ALUBitX"
 37. Port Connectivity Checks: "ALUNBits:ALU_FPGA|ALU:alubucle[5].ALUBitX"
 38. Port Connectivity Checks: "ALUNBits:ALU_FPGA|ALU:alubucle[4].ALUBitX"
 39. Port Connectivity Checks: "ALUNBits:ALU_FPGA|ALU:alubucle[3].ALUBitX"
 40. Port Connectivity Checks: "ALUNBits:ALU_FPGA|ALU:alubucle[2].ALUBitX"
 41. Port Connectivity Checks: "ALUNBits:ALU_FPGA|ALU:alubucle[1].ALUBitX"
 42. Port Connectivity Checks: "ALUNBits:ALU_FPGA|ALU:alubucle[0].ALUBit0"
 43. Post-Synthesis Netlist Statistics for Top Partition
 44. Elapsed Time Per Partition
 45. Analysis & Synthesis Messages



----------------
; Legal Notice ;
----------------
Copyright (C) 2018  Intel Corporation. All rights reserved.
Your use of Intel Corporation's design tools, logic functions 
and other software and tools, and its AMPP partner logic 
functions, and any output files from any of the foregoing 
(including device programming or simulation files), and any 
associated documentation or information are expressly subject 
to the terms and conditions of the Intel Program License 
Subscription Agreement, the Intel Quartus Prime License Agreement,
the Intel FPGA IP License Agreement, or other applicable license
agreement, including, without limitation, that your use is for
the sole purpose of programming logic devices manufactured by
Intel and sold by Intel or its authorized distributors.  Please
refer to the applicable agreement for further details.



+----------------------------------------------------------------------------------+
; Analysis & Synthesis Summary                                                     ;
+------------------------------------+---------------------------------------------+
; Analysis & Synthesis Status        ; Successful - Thu May 02 21:10:42 2024       ;
; Quartus Prime Version              ; 18.0.0 Build 614 04/24/2018 SJ Lite Edition ;
; Revision Name                      ; ALU                                         ;
; Top-level Entity Name              ; ALUNBits_FPGA                               ;
; Family                             ; Cyclone IV E                                ;
; Total logic elements               ; 186                                         ;
;     Total combinational functions  ; 186                                         ;
;     Dedicated logic registers      ; 0                                           ;
; Total registers                    ; 0                                           ;
; Total pins                         ; 69                                          ;
; Total virtual pins                 ; 0                                           ;
; Total memory bits                  ; 0                                           ;
; Embedded Multiplier 9-bit elements ; 0                                           ;
; Total PLLs                         ; 0                                           ;
+------------------------------------+---------------------------------------------+


+------------------------------------------------------------------------------------------------------------+
; Analysis & Synthesis Settings                                                                              ;
+------------------------------------------------------------------+--------------------+--------------------+
; Option                                                           ; Setting            ; Default Value      ;
+------------------------------------------------------------------+--------------------+--------------------+
; Device                                                           ; EP4CE115F29C7      ;                    ;
; Top-level entity name                                            ; ALUNBits_FPGA      ; ALU                ;
; Family name                                                      ; Cyclone IV E       ; Cyclone V          ;
; Use smart compilation                                            ; Off                ; Off                ;
; Enable parallel Assembler and Timing Analyzer during compilation ; On                 ; On                 ;
; Enable compact report table                                      ; Off                ; Off                ;
; Restructure Multiplexers                                         ; Auto               ; Auto               ;
; Create Debugging Nodes for IP Cores                              ; Off                ; Off                ;
; Preserve fewer node names                                        ; On                 ; On                 ;
; Intel FPGA IP Evaluation Mode                                    ; Enable             ; Enable             ;
; Verilog Version                                                  ; Verilog_2001       ; Verilog_2001       ;
; VHDL Version                                                     ; VHDL_1993          ; VHDL_1993          ;
; State Machine Processing                                         ; Auto               ; Auto               ;
; Safe State Machine                                               ; Off                ; Off                ;
; Extract Verilog State Machines                                   ; On                 ; On                 ;
; Extract VHDL State Machines                                      ; On                 ; On                 ;
; Ignore Verilog initial constructs                                ; Off                ; Off                ;
; Iteration limit for constant Verilog loops                       ; 5000               ; 5000               ;
; Iteration limit for non-constant Verilog loops                   ; 250                ; 250                ;
; Add Pass-Through Logic to Inferred RAMs                          ; On                 ; On                 ;
; Infer RAMs from Raw Logic                                        ; On                 ; On                 ;
; Parallel Synthesis                                               ; On                 ; On                 ;
; DSP Block Balancing                                              ; Auto               ; Auto               ;
; NOT Gate Push-Back                                               ; On                 ; On                 ;
; Power-Up Don't Care                                              ; On                 ; On                 ;
; Remove Redundant Logic Cells                                     ; Off                ; Off                ;
; Remove Duplicate Registers                                       ; On                 ; On                 ;
; Ignore CARRY Buffers                                             ; Off                ; Off                ;
; Ignore CASCADE Buffers                                           ; Off                ; Off                ;
; Ignore GLOBAL Buffers                                            ; Off                ; Off                ;
; Ignore ROW GLOBAL Buffers                                        ; Off                ; Off                ;
; Ignore LCELL Buffers                                             ; Off                ; Off                ;
; Ignore SOFT Buffers                                              ; On                 ; On                 ;
; Limit AHDL Integers to 32 Bits                                   ; Off                ; Off                ;
; Optimization Technique                                           ; Balanced           ; Balanced           ;
; Carry Chain Length                                               ; 70                 ; 70                 ;
; Auto Carry Chains                                                ; On                 ; On                 ;
; Auto Open-Drain Pins                                             ; On                 ; On                 ;
; Perform WYSIWYG Primitive Resynthesis                            ; Off                ; Off                ;
; Auto ROM Replacement                                             ; On                 ; On                 ;
; Auto RAM Replacement                                             ; On                 ; On                 ;
; Auto DSP Block Replacement                                       ; On                 ; On                 ;
; Auto Shift Register Replacement                                  ; Auto               ; Auto               ;
; Allow Shift Register Merging across Hierarchies                  ; Auto               ; Auto               ;
; Auto Clock Enable Replacement                                    ; On                 ; On                 ;
; Strict RAM Replacement                                           ; Off                ; Off                ;
; Allow Synchronous Control Signals                                ; On                 ; On                 ;
; Force Use of Synchronous Clear Signals                           ; Off                ; Off                ;
; Auto RAM Block Balancing                                         ; On                 ; On                 ;
; Auto RAM to Logic Cell Conversion                                ; Off                ; Off                ;
; Auto Resource Sharing                                            ; Off                ; Off                ;
; Allow Any RAM Size For Recognition                               ; Off                ; Off                ;
; Allow Any ROM Size For Recognition                               ; Off                ; Off                ;
; Allow Any Shift Register Size For Recognition                    ; Off                ; Off                ;
; Use LogicLock Constraints during Resource Balancing              ; On                 ; On                 ;
; Ignore translate_off and synthesis_off directives                ; Off                ; Off                ;
; Timing-Driven Synthesis                                          ; On                 ; On                 ;
; Report Parameter Settings                                        ; On                 ; On                 ;
; Report Source Assignments                                        ; On                 ; On                 ;
; Report Connectivity Checks                                       ; On                 ; On                 ;
; Ignore Maximum Fan-Out Assignments                               ; Off                ; Off                ;
; Synchronization Register Chain Length                            ; 2                  ; 2                  ;
; Power Optimization During Synthesis                              ; Normal compilation ; Normal compilation ;
; HDL message level                                                ; Level2             ; Level2             ;
; Suppress Register Optimization Related Messages                  ; Off                ; Off                ;
; Number of Removed Registers Reported in Synthesis Report         ; 5000               ; 5000               ;
; Number of Swept Nodes Reported in Synthesis Report               ; 5000               ; 5000               ;
; Number of Inverted Registers Reported in Synthesis Report        ; 100                ; 100                ;
; Clock MUX Protection                                             ; On                 ; On                 ;
; Auto Gated Clock Conversion                                      ; Off                ; Off                ;
; Block Design Naming                                              ; Auto               ; Auto               ;
; SDC constraint protection                                        ; Off                ; Off                ;
; Synthesis Effort                                                 ; Auto               ; Auto               ;
; Shift Register Replacement - Allow Asynchronous Clear Signal     ; On                 ; On                 ;
; Pre-Mapping Resynthesis Optimization                             ; Off                ; Off                ;
; Analysis & Synthesis Message Level                               ; Medium             ; Medium             ;
; Disable Register Merging Across Hierarchies                      ; Auto               ; Auto               ;
; Resource Aware Inference For Block RAM                           ; On                 ; On                 ;
+------------------------------------------------------------------+--------------------+--------------------+


+------------------------------------------+
; Parallel Compilation                     ;
+----------------------------+-------------+
; Processors                 ; Number      ;
+----------------------------+-------------+
; Number detected on machine ; 12          ;
; Maximum allowed            ; 6           ;
;                            ;             ;
; Average used               ; 1.00        ;
; Maximum used               ; 1           ;
;                            ;             ;
; Usage by Processor         ; % Time Used ;
;     Processor 1            ; 100.0%      ;
+----------------------------+-------------+


+--------------------------------------------------------------------------------------------------------------------------------------------------------------------+
; Analysis & Synthesis Source Files Read                                                                                                                             ;
+----------------------------------+-----------------+------------------------+----------------------------------------------------------------------------+---------+
; File Name with User-Entered Path ; Used in Netlist ; File Type              ; File Name with Absolute Path                                               ; Library ;
+----------------------------------+-----------------+------------------------+----------------------------------------------------------------------------+---------+
; fulladder/fulladder.v            ; yes             ; User Verilog HDL File  ; D:/Descargas/ALU Primera versión/ALU Primera versión/fulladder/fulladder.v ;         ;
; ALU.v                            ; yes             ; User Verilog HDL File  ; D:/Descargas/ALU Primera versión/ALU Primera versión/ALU.v                 ;         ;
; ALUNBits.v                       ; yes             ; User Verilog HDL File  ; D:/Descargas/ALU Primera versión/ALU Primera versión/ALUNBits.v            ;         ;
; Disp7segs.v                      ; yes             ; User Verilog HDL File  ; D:/Descargas/ALU Primera versión/ALU Primera versión/Disp7segs.v           ;         ;
; ALUNBits_FPGA.v                  ; yes             ; User Verilog HDL File  ; D:/Descargas/ALU Primera versión/ALU Primera versión/ALUNBits_FPGA.v       ;         ;
; memoria_a.v                      ; yes             ; User Verilog HDL File  ; D:/Descargas/ALU Primera versión/ALU Primera versión/memoria_a.v           ;         ;
; memoria_b.v                      ; yes             ; User Verilog HDL File  ; D:/Descargas/ALU Primera versión/ALU Primera versión/memoria_b.v           ;         ;
+----------------------------------+-----------------+------------------------+----------------------------------------------------------------------------+---------+


+--------------------------------------------------------------+
; Analysis & Synthesis Resource Usage Summary                  ;
+---------------------------------------------+----------------+
; Resource                                    ; Usage          ;
+---------------------------------------------+----------------+
; Estimated Total logic elements              ; 186            ;
;                                             ;                ;
; Total combinational functions               ; 186            ;
; Logic element usage by number of LUT inputs ;                ;
;     -- 4 input functions                    ; 161            ;
;     -- 3 input functions                    ; 19             ;
;     -- <=2 input functions                  ; 6              ;
;                                             ;                ;
; Logic elements by mode                      ;                ;
;     -- normal mode                          ; 186            ;
;     -- arithmetic mode                      ; 0              ;
;                                             ;                ;
; Total registers                             ; 0              ;
;     -- Dedicated logic registers            ; 0              ;
;     -- I/O registers                        ; 0              ;
;                                             ;                ;
; I/O pins                                    ; 69             ;
;                                             ;                ;
; Embedded Multiplier 9-bit elements          ; 0              ;
;                                             ;                ;
; Maximum fan-out node                        ; invert_i~input ;
; Maximum fan-out                             ; 40             ;
; Total fan-out                               ; 838            ;
; Average fan-out                             ; 2.59           ;
+---------------------------------------------+----------------+


+-----------------------------------------------------------------------------------------------------------------------------------------------------------------------------------------------------------------------------------------------------------------------------+
; Analysis & Synthesis Resource Utilization by Entity                                                                                                                                                                                                                         ;
+------------------------------------+---------------------+---------------------------+-------------+--------------+---------+-----------+------+--------------+------------------------------------------------------------------------------+---------------+--------------+
; Compilation Hierarchy Node         ; Combinational ALUTs ; Dedicated Logic Registers ; Memory Bits ; DSP Elements ; DSP 9x9 ; DSP 18x18 ; Pins ; Virtual Pins ; Full Hierarchy Name                                                          ; Entity Name   ; Library Name ;
+------------------------------------+---------------------+---------------------------+-------------+--------------+---------+-----------+------+--------------+------------------------------------------------------------------------------+---------------+--------------+
; |ALUNBits_FPGA                     ; 186 (70)            ; 0 (0)                     ; 0           ; 0            ; 0       ; 0         ; 69   ; 0            ; |ALUNBits_FPGA                                                               ; ALUNBits_FPGA ; work         ;
;    |ALUNBits:ALU_FPGA|             ; 55 (16)             ; 0 (0)                     ; 0           ; 0            ; 0       ; 0         ; 0    ; 0            ; |ALUNBits_FPGA|ALUNBits:ALU_FPGA                                             ; ALUNBits      ; work         ;
;       |ALU:alubucle[0].ALUBit0|    ; 3 (2)               ; 0 (0)                     ; 0           ; 0            ; 0       ; 0         ; 0    ; 0            ; |ALUNBits_FPGA|ALUNBits:ALU_FPGA|ALU:alubucle[0].ALUBit0                     ; ALU           ; work         ;
;          |fulladder:fa1bit|        ; 1 (1)               ; 0 (0)                     ; 0           ; 0            ; 0       ; 0         ; 0    ; 0            ; |ALUNBits_FPGA|ALUNBits:ALU_FPGA|ALU:alubucle[0].ALUBit0|fulladder:fa1bit    ; fulladder     ; work         ;
;       |ALU:alubucle[10].ALUBitX|   ; 1 (0)               ; 0 (0)                     ; 0           ; 0            ; 0       ; 0         ; 0    ; 0            ; |ALUNBits_FPGA|ALUNBits:ALU_FPGA|ALU:alubucle[10].ALUBitX                    ; ALU           ; work         ;
;          |fulladder:fa1bit|        ; 1 (1)               ; 0 (0)                     ; 0           ; 0            ; 0       ; 0         ; 0    ; 0            ; |ALUNBits_FPGA|ALUNBits:ALU_FPGA|ALU:alubucle[10].ALUBitX|fulladder:fa1bit   ; fulladder     ; work         ;
;       |ALU:alubucle[11].ALUBitX|   ; 1 (0)               ; 0 (0)                     ; 0           ; 0            ; 0       ; 0         ; 0    ; 0            ; |ALUNBits_FPGA|ALUNBits:ALU_FPGA|ALU:alubucle[11].ALUBitX                    ; ALU           ; work         ;
;          |fulladder:fa1bit|        ; 1 (1)               ; 0 (0)                     ; 0           ; 0            ; 0       ; 0         ; 0    ; 0            ; |ALUNBits_FPGA|ALUNBits:ALU_FPGA|ALU:alubucle[11].ALUBitX|fulladder:fa1bit   ; fulladder     ; work         ;
;       |ALU:alubucle[12].ALUBitX|   ; 1 (0)               ; 0 (0)                     ; 0           ; 0            ; 0       ; 0         ; 0    ; 0            ; |ALUNBits_FPGA|ALUNBits:ALU_FPGA|ALU:alubucle[12].ALUBitX                    ; ALU           ; work         ;
;          |fulladder:fa1bit|        ; 1 (1)               ; 0 (0)                     ; 0           ; 0            ; 0       ; 0         ; 0    ; 0            ; |ALUNBits_FPGA|ALUNBits:ALU_FPGA|ALU:alubucle[12].ALUBitX|fulladder:fa1bit   ; fulladder     ; work         ;
;       |ALU:alubucle[13].ALUBitX|   ; 1 (0)               ; 0 (0)                     ; 0           ; 0            ; 0       ; 0         ; 0    ; 0            ; |ALUNBits_FPGA|ALUNBits:ALU_FPGA|ALU:alubucle[13].ALUBitX                    ; ALU           ; work         ;
;          |fulladder:fa1bit|        ; 1 (1)               ; 0 (0)                     ; 0           ; 0            ; 0       ; 0         ; 0    ; 0            ; |ALUNBits_FPGA|ALUNBits:ALU_FPGA|ALU:alubucle[13].ALUBitX|fulladder:fa1bit   ; fulladder     ; work         ;
;       |ALU:alubucle[14].ALUBitX|   ; 1 (0)               ; 0 (0)                     ; 0           ; 0            ; 0       ; 0         ; 0    ; 0            ; |ALUNBits_FPGA|ALUNBits:ALU_FPGA|ALU:alubucle[14].ALUBitX                    ; ALU           ; work         ;
;          |fulladder:fa1bit|        ; 1 (1)               ; 0 (0)                     ; 0           ; 0            ; 0       ; 0         ; 0    ; 0            ; |ALUNBits_FPGA|ALUNBits:ALU_FPGA|ALU:alubucle[14].ALUBitX|fulladder:fa1bit   ; fulladder     ; work         ;
;       |ALU:alubucle[15].ALUBitX|   ; 1 (0)               ; 0 (0)                     ; 0           ; 0            ; 0       ; 0         ; 0    ; 0            ; |ALUNBits_FPGA|ALUNBits:ALU_FPGA|ALU:alubucle[15].ALUBitX                    ; ALU           ; work         ;
;          |fulladder:fa1bit|        ; 1 (1)               ; 0 (0)                     ; 0           ; 0            ; 0       ; 0         ; 0    ; 0            ; |ALUNBits_FPGA|ALUNBits:ALU_FPGA|ALU:alubucle[15].ALUBitX|fulladder:fa1bit   ; fulladder     ; work         ;
;       |ALU:alubucle[19].ALUBitX|   ; 1 (0)               ; 0 (0)                     ; 0           ; 0            ; 0       ; 0         ; 0    ; 0            ; |ALUNBits_FPGA|ALUNBits:ALU_FPGA|ALU:alubucle[19].ALUBitX                    ; ALU           ; work         ;
;          |fulladder:fa1bit|        ; 1 (1)               ; 0 (0)                     ; 0           ; 0            ; 0       ; 0         ; 0    ; 0            ; |ALUNBits_FPGA|ALUNBits:ALU_FPGA|ALU:alubucle[19].ALUBitX|fulladder:fa1bit   ; fulladder     ; work         ;
;       |ALU:alubucle[1].ALUBitX|    ; 9 (8)               ; 0 (0)                     ; 0           ; 0            ; 0       ; 0         ; 0    ; 0            ; |ALUNBits_FPGA|ALUNBits:ALU_FPGA|ALU:alubucle[1].ALUBitX                     ; ALU           ; work         ;
;          |fulladder:fa1bit|        ; 1 (1)               ; 0 (0)                     ; 0           ; 0            ; 0       ; 0         ; 0    ; 0            ; |ALUNBits_FPGA|ALUNBits:ALU_FPGA|ALU:alubucle[1].ALUBitX|fulladder:fa1bit    ; fulladder     ; work         ;
;       |ALU:alubucle[20].ALUBitX|   ; 1 (0)               ; 0 (0)                     ; 0           ; 0            ; 0       ; 0         ; 0    ; 0            ; |ALUNBits_FPGA|ALUNBits:ALU_FPGA|ALU:alubucle[20].ALUBitX                    ; ALU           ; work         ;
;          |fulladder:fa1bit|        ; 1 (1)               ; 0 (0)                     ; 0           ; 0            ; 0       ; 0         ; 0    ; 0            ; |ALUNBits_FPGA|ALUNBits:ALU_FPGA|ALU:alubucle[20].ALUBitX|fulladder:fa1bit   ; fulladder     ; work         ;
;       |ALU:alubucle[25].ALUBitX|   ; 1 (0)               ; 0 (0)                     ; 0           ; 0            ; 0       ; 0         ; 0    ; 0            ; |ALUNBits_FPGA|ALUNBits:ALU_FPGA|ALU:alubucle[25].ALUBitX                    ; ALU           ; work         ;
;          |fulladder:fa1bit|        ; 1 (1)               ; 0 (0)                     ; 0           ; 0            ; 0       ; 0         ; 0    ; 0            ; |ALUNBits_FPGA|ALUNBits:ALU_FPGA|ALU:alubucle[25].ALUBitX|fulladder:fa1bit   ; fulladder     ; work         ;
;       |ALU:alubucle[27].ALUBitX|   ; 1 (0)               ; 0 (0)                     ; 0           ; 0            ; 0       ; 0         ; 0    ; 0            ; |ALUNBits_FPGA|ALUNBits:ALU_FPGA|ALU:alubucle[27].ALUBitX                    ; ALU           ; work         ;
;          |fulladder:fa1bit|        ; 1 (1)               ; 0 (0)                     ; 0           ; 0            ; 0       ; 0         ; 0    ; 0            ; |ALUNBits_FPGA|ALUNBits:ALU_FPGA|ALU:alubucle[27].ALUBitX|fulladder:fa1bit   ; fulladder     ; work         ;
;       |ALU:alubucle[28].ALUBitX|   ; 1 (0)               ; 0 (0)                     ; 0           ; 0            ; 0       ; 0         ; 0    ; 0            ; |ALUNBits_FPGA|ALUNBits:ALU_FPGA|ALU:alubucle[28].ALUBitX                    ; ALU           ; work         ;
;          |fulladder:fa1bit|        ; 1 (1)               ; 0 (0)                     ; 0           ; 0            ; 0       ; 0         ; 0    ; 0            ; |ALUNBits_FPGA|ALUNBits:ALU_FPGA|ALU:alubucle[28].ALUBitX|fulladder:fa1bit   ; fulladder     ; work         ;
;       |ALU:alubucle[29].ALUBitX|   ; 1 (0)               ; 0 (0)                     ; 0           ; 0            ; 0       ; 0         ; 0    ; 0            ; |ALUNBits_FPGA|ALUNBits:ALU_FPGA|ALU:alubucle[29].ALUBitX                    ; ALU           ; work         ;
;          |fulladder:fa1bit|        ; 1 (1)               ; 0 (0)                     ; 0           ; 0            ; 0       ; 0         ; 0    ; 0            ; |ALUNBits_FPGA|ALUNBits:ALU_FPGA|ALU:alubucle[29].ALUBitX|fulladder:fa1bit   ; fulladder     ; work         ;
;       |ALU:alubucle[2].ALUBitX|    ; 1 (1)               ; 0 (0)                     ; 0           ; 0            ; 0       ; 0         ; 0    ; 0            ; |ALUNBits_FPGA|ALUNBits:ALU_FPGA|ALU:alubucle[2].ALUBitX                     ; ALU           ; work         ;
;       |ALU:alubucle[30].ALUBitX|   ; 2 (0)               ; 0 (0)                     ; 0           ; 0            ; 0       ; 0         ; 0    ; 0            ; |ALUNBits_FPGA|ALUNBits:ALU_FPGA|ALU:alubucle[30].ALUBitX                    ; ALU           ; work         ;
;          |fulladder:fa1bit|        ; 2 (2)               ; 0 (0)                     ; 0           ; 0            ; 0       ; 0         ; 0    ; 0            ; |ALUNBits_FPGA|ALUNBits:ALU_FPGA|ALU:alubucle[30].ALUBitX|fulladder:fa1bit   ; fulladder     ; work         ;
;       |ALU:alubucle[31].ALUBitN_1| ; 3 (1)               ; 0 (0)                     ; 0           ; 0            ; 0       ; 0         ; 0    ; 0            ; |ALUNBits_FPGA|ALUNBits:ALU_FPGA|ALU:alubucle[31].ALUBitN_1                  ; ALU           ; work         ;
;          |fulladder:fa1bit|        ; 2 (2)               ; 0 (0)                     ; 0           ; 0            ; 0       ; 0         ; 0    ; 0            ; |ALUNBits_FPGA|ALUNBits:ALU_FPGA|ALU:alubucle[31].ALUBitN_1|fulladder:fa1bit ; fulladder     ; work         ;
;       |ALU:alubucle[3].ALUBitX|    ; 2 (1)               ; 0 (0)                     ; 0           ; 0            ; 0       ; 0         ; 0    ; 0            ; |ALUNBits_FPGA|ALUNBits:ALU_FPGA|ALU:alubucle[3].ALUBitX                     ; ALU           ; work         ;
;          |fulladder:fa1bit|        ; 1 (1)               ; 0 (0)                     ; 0           ; 0            ; 0       ; 0         ; 0    ; 0            ; |ALUNBits_FPGA|ALUNBits:ALU_FPGA|ALU:alubucle[3].ALUBitX|fulladder:fa1bit    ; fulladder     ; work         ;
;       |ALU:alubucle[4].ALUBitX|    ; 1 (0)               ; 0 (0)                     ; 0           ; 0            ; 0       ; 0         ; 0    ; 0            ; |ALUNBits_FPGA|ALUNBits:ALU_FPGA|ALU:alubucle[4].ALUBitX                     ; ALU           ; work         ;
;          |fulladder:fa1bit|        ; 1 (1)               ; 0 (0)                     ; 0           ; 0            ; 0       ; 0         ; 0    ; 0            ; |ALUNBits_FPGA|ALUNBits:ALU_FPGA|ALU:alubucle[4].ALUBitX|fulladder:fa1bit    ; fulladder     ; work         ;
;       |ALU:alubucle[5].ALUBitX|    ; 1 (0)               ; 0 (0)                     ; 0           ; 0            ; 0       ; 0         ; 0    ; 0            ; |ALUNBits_FPGA|ALUNBits:ALU_FPGA|ALU:alubucle[5].ALUBitX                     ; ALU           ; work         ;
;          |fulladder:fa1bit|        ; 1 (1)               ; 0 (0)                     ; 0           ; 0            ; 0       ; 0         ; 0    ; 0            ; |ALUNBits_FPGA|ALUNBits:ALU_FPGA|ALU:alubucle[5].ALUBitX|fulladder:fa1bit    ; fulladder     ; work         ;
;       |ALU:alubucle[6].ALUBitX|    ; 1 (0)               ; 0 (0)                     ; 0           ; 0            ; 0       ; 0         ; 0    ; 0            ; |ALUNBits_FPGA|ALUNBits:ALU_FPGA|ALU:alubucle[6].ALUBitX                     ; ALU           ; work         ;
;          |fulladder:fa1bit|        ; 1 (1)               ; 0 (0)                     ; 0           ; 0            ; 0       ; 0         ; 0    ; 0            ; |ALUNBits_FPGA|ALUNBits:ALU_FPGA|ALU:alubucle[6].ALUBitX|fulladder:fa1bit    ; fulladder     ; work         ;
;       |ALU:alubucle[7].ALUBitX|    ; 2 (1)               ; 0 (0)                     ; 0           ; 0            ; 0       ; 0         ; 0    ; 0            ; |ALUNBits_FPGA|ALUNBits:ALU_FPGA|ALU:alubucle[7].ALUBitX                     ; ALU           ; work         ;
;          |fulladder:fa1bit|        ; 1 (1)               ; 0 (0)                     ; 0           ; 0            ; 0       ; 0         ; 0    ; 0            ; |ALUNBits_FPGA|ALUNBits:ALU_FPGA|ALU:alubucle[7].ALUBitX|fulladder:fa1bit    ; fulladder     ; work         ;
;       |ALU:alubucle[8].ALUBitX|    ; 1 (0)               ; 0 (0)                     ; 0           ; 0            ; 0       ; 0         ; 0    ; 0            ; |ALUNBits_FPGA|ALUNBits:ALU_FPGA|ALU:alubucle[8].ALUBitX                     ; ALU           ; work         ;
;          |fulladder:fa1bit|        ; 1 (1)               ; 0 (0)                     ; 0           ; 0            ; 0       ; 0         ; 0    ; 0            ; |ALUNBits_FPGA|ALUNBits:ALU_FPGA|ALU:alubucle[8].ALUBitX|fulladder:fa1bit    ; fulladder     ; work         ;
;       |ALU:alubucle[9].ALUBitX|    ; 1 (0)               ; 0 (0)                     ; 0           ; 0            ; 0       ; 0         ; 0    ; 0            ; |ALUNBits_FPGA|ALUNBits:ALU_FPGA|ALU:alubucle[9].ALUBitX                     ; ALU           ; work         ;
;          |fulladder:fa1bit|        ; 1 (1)               ; 0 (0)                     ; 0           ; 0            ; 0       ; 0         ; 0    ; 0            ; |ALUNBits_FPGA|ALUNBits:ALU_FPGA|ALU:alubucle[9].ALUBitX|fulladder:fa1bit    ; fulladder     ; work         ;
;    |Disp7segs:Disp0|               ; 7 (7)               ; 0 (0)                     ; 0           ; 0            ; 0       ; 0         ; 0    ; 0            ; |ALUNBits_FPGA|Disp7segs:Disp0                                               ; Disp7segs     ; work         ;
;    |Disp7segs:Disp1|               ; 7 (7)               ; 0 (0)                     ; 0           ; 0            ; 0       ; 0         ; 0    ; 0            ; |ALUNBits_FPGA|Disp7segs:Disp1                                               ; Disp7segs     ; work         ;
;    |Disp7segs:Disp2|               ; 7 (7)               ; 0 (0)                     ; 0           ; 0            ; 0       ; 0         ; 0    ; 0            ; |ALUNBits_FPGA|Disp7segs:Disp2                                               ; Disp7segs     ; work         ;
;    |Disp7segs:Disp3|               ; 7 (7)               ; 0 (0)                     ; 0           ; 0            ; 0       ; 0         ; 0    ; 0            ; |ALUNBits_FPGA|Disp7segs:Disp3                                               ; Disp7segs     ; work         ;
;    |Disp7segs:Disp4|               ; 7 (7)               ; 0 (0)                     ; 0           ; 0            ; 0       ; 0         ; 0    ; 0            ; |ALUNBits_FPGA|Disp7segs:Disp4                                               ; Disp7segs     ; work         ;
;    |Disp7segs:Disp5|               ; 7 (7)               ; 0 (0)                     ; 0           ; 0            ; 0       ; 0         ; 0    ; 0            ; |ALUNBits_FPGA|Disp7segs:Disp5                                               ; Disp7segs     ; work         ;
;    |Disp7segs:Disp6|               ; 7 (7)               ; 0 (0)                     ; 0           ; 0            ; 0       ; 0         ; 0    ; 0            ; |ALUNBits_FPGA|Disp7segs:Disp6                                               ; Disp7segs     ; work         ;
;    |Disp7segs:Disp7|               ; 7 (7)               ; 0 (0)                     ; 0           ; 0            ; 0       ; 0         ; 0    ; 0            ; |ALUNBits_FPGA|Disp7segs:Disp7                                               ; Disp7segs     ; work         ;
;    |memoria_a:mema|                ; 3 (3)               ; 0 (0)                     ; 0           ; 0            ; 0       ; 0         ; 0    ; 0            ; |ALUNBits_FPGA|memoria_a:mema                                                ; memoria_a     ; work         ;
;    |memoria_b:memb|                ; 2 (2)               ; 0 (0)                     ; 0           ; 0            ; 0       ; 0         ; 0    ; 0            ; |ALUNBits_FPGA|memoria_b:memb                                                ; memoria_b     ; work         ;
+------------------------------------+---------------------+---------------------------+-------------+--------------+---------+-----------+------+--------------+------------------------------------------------------------------------------+---------------+--------------+
Note: For table entries with two numbers listed, the numbers in parentheses indicate the number of resources of the given type used by the specific entity alone. The numbers listed outside of parentheses indicate the total resources of the given type used by the specific entity and all of its sub-entities in the hierarchy.


+------------------------------------------------------+
; General Register Statistics                          ;
+----------------------------------------------+-------+
; Statistic                                    ; Value ;
+----------------------------------------------+-------+
; Total registers                              ; 0     ;
; Number of registers using Synchronous Clear  ; 0     ;
; Number of registers using Synchronous Load   ; 0     ;
; Number of registers using Asynchronous Clear ; 0     ;
; Number of registers using Asynchronous Load  ; 0     ;
; Number of registers using Clock Enable       ; 0     ;
; Number of registers using Preset             ; 0     ;
+----------------------------------------------+-------+


+------------------------------------------------------------------------------------------------------------------------------------------------------+
; Multiplexer Restructuring Statistics (Restructuring Performed)                                                                                       ;
+--------------------+-----------+---------------+----------------------+------------------------+------------+----------------------------------------+
; Multiplexer Inputs ; Bus Width ; Baseline Area ; Area if Restructured ; Saving if Restructured ; Registered ; Example Multiplexer Output             ;
+--------------------+-----------+---------------+----------------------+------------------------+------------+----------------------------------------+
; 3:1                ; 3 bits    ; 6 LEs         ; 3 LEs                ; 3 LEs                  ; No         ; |ALUNBits_FPGA|ALUNBits:ALU_FPGA|Mux28 ;
; 4:1                ; 2 bits    ; 4 LEs         ; 4 LEs                ; 0 LEs                  ; No         ; |ALUNBits_FPGA|ALUNBits:ALU_FPGA|Mux31 ;
; 7:1                ; 27 bits   ; 108 LEs       ; 54 LEs               ; 54 LEs                 ; No         ; |ALUNBits_FPGA|salida_o[30]            ;
+--------------------+-----------+---------------+----------------------+------------------------+------------+----------------------------------------+


+----------------------------------------------------------------+
; Parameter Settings for User Entity Instance: ALUNBits:ALU_FPGA ;
+----------------+-------+---------------------------------------+
; Parameter Name ; Value ; Type                                  ;
+----------------+-------+---------------------------------------+
; N              ; 32    ; Signed Integer                        ;
+----------------+-------+---------------------------------------+
Note: In order to hide this table in the UI and the text report file, please set the "Show Parameter Settings in Synthesis Report" option in "Analysis and Synthesis Settings -> More Settings" to "Off".


+--------------------------------------------------------------------------+
; Port Connectivity Checks: "ALUNBits:ALU_FPGA|ALU:alubucle[31].ALUBitN_1" ;
+--------+-------+----------+----------------------------------------------+
; Port   ; Type  ; Severity ; Details                                      ;
+--------+-------+----------+----------------------------------------------+
; less_i ; Input ; Info     ; Stuck at GND                                 ;
; sltu_i ; Input ; Info     ; Stuck at GND                                 ;
+--------+-------+----------+----------------------------------------------+


+------------------------------------------------------------------------+
; Port Connectivity Checks: "ALUNBits:ALU_FPGA|ALU:alubucle[30].ALUBitX" ;
+--------+--------+----------+-------------------------------------------+
; Port   ; Type   ; Severity ; Details                                   ;
+--------+--------+----------+-------------------------------------------+
; less_i ; Input  ; Info     ; Stuck at GND                              ;
; sltu_i ; Input  ; Info     ; Stuck at GND                              ;
; set_o  ; Output ; Info     ; Explicitly unconnected                    ;
+--------+--------+----------+-------------------------------------------+


+------------------------------------------------------------------------+
; Port Connectivity Checks: "ALUNBits:ALU_FPGA|ALU:alubucle[29].ALUBitX" ;
+--------+--------+----------+-------------------------------------------+
; Port   ; Type   ; Severity ; Details                                   ;
+--------+--------+----------+-------------------------------------------+
; less_i ; Input  ; Info     ; Stuck at GND                              ;
; sltu_i ; Input  ; Info     ; Stuck at GND                              ;
; set_o  ; Output ; Info     ; Explicitly unconnected                    ;
+--------+--------+----------+-------------------------------------------+


+------------------------------------------------------------------------+
; Port Connectivity Checks: "ALUNBits:ALU_FPGA|ALU:alubucle[28].ALUBitX" ;
+--------+--------+----------+-------------------------------------------+
; Port   ; Type   ; Severity ; Details                                   ;
+--------+--------+----------+-------------------------------------------+
; less_i ; Input  ; Info     ; Stuck at GND                              ;
; sltu_i ; Input  ; Info     ; Stuck at GND                              ;
; set_o  ; Output ; Info     ; Explicitly unconnected                    ;
+--------+--------+----------+-------------------------------------------+


+------------------------------------------------------------------------+
; Port Connectivity Checks: "ALUNBits:ALU_FPGA|ALU:alubucle[27].ALUBitX" ;
+--------+--------+----------+-------------------------------------------+
; Port   ; Type   ; Severity ; Details                                   ;
+--------+--------+----------+-------------------------------------------+
; less_i ; Input  ; Info     ; Stuck at GND                              ;
; sltu_i ; Input  ; Info     ; Stuck at GND                              ;
; set_o  ; Output ; Info     ; Explicitly unconnected                    ;
+--------+--------+----------+-------------------------------------------+


+------------------------------------------------------------------------+
; Port Connectivity Checks: "ALUNBits:ALU_FPGA|ALU:alubucle[26].ALUBitX" ;
+--------+--------+----------+-------------------------------------------+
; Port   ; Type   ; Severity ; Details                                   ;
+--------+--------+----------+-------------------------------------------+
; less_i ; Input  ; Info     ; Stuck at GND                              ;
; sltu_i ; Input  ; Info     ; Stuck at GND                              ;
; set_o  ; Output ; Info     ; Explicitly unconnected                    ;
+--------+--------+----------+-------------------------------------------+


+------------------------------------------------------------------------+
; Port Connectivity Checks: "ALUNBits:ALU_FPGA|ALU:alubucle[25].ALUBitX" ;
+--------+--------+----------+-------------------------------------------+
; Port   ; Type   ; Severity ; Details                                   ;
+--------+--------+----------+-------------------------------------------+
; less_i ; Input  ; Info     ; Stuck at GND                              ;
; sltu_i ; Input  ; Info     ; Stuck at GND                              ;
; set_o  ; Output ; Info     ; Explicitly unconnected                    ;
+--------+--------+----------+-------------------------------------------+


+------------------------------------------------------------------------+
; Port Connectivity Checks: "ALUNBits:ALU_FPGA|ALU:alubucle[24].ALUBitX" ;
+--------+--------+----------+-------------------------------------------+
; Port   ; Type   ; Severity ; Details                                   ;
+--------+--------+----------+-------------------------------------------+
; less_i ; Input  ; Info     ; Stuck at GND                              ;
; sltu_i ; Input  ; Info     ; Stuck at GND                              ;
; set_o  ; Output ; Info     ; Explicitly unconnected                    ;
+--------+--------+----------+-------------------------------------------+


+------------------------------------------------------------------------+
; Port Connectivity Checks: "ALUNBits:ALU_FPGA|ALU:alubucle[23].ALUBitX" ;
+--------+--------+----------+-------------------------------------------+
; Port   ; Type   ; Severity ; Details                                   ;
+--------+--------+----------+-------------------------------------------+
; less_i ; Input  ; Info     ; Stuck at GND                              ;
; sltu_i ; Input  ; Info     ; Stuck at GND                              ;
; set_o  ; Output ; Info     ; Explicitly unconnected                    ;
+--------+--------+----------+-------------------------------------------+


+------------------------------------------------------------------------+
; Port Connectivity Checks: "ALUNBits:ALU_FPGA|ALU:alubucle[22].ALUBitX" ;
+--------+--------+----------+-------------------------------------------+
; Port   ; Type   ; Severity ; Details                                   ;
+--------+--------+----------+-------------------------------------------+
; less_i ; Input  ; Info     ; Stuck at GND                              ;
; sltu_i ; Input  ; Info     ; Stuck at GND                              ;
; set_o  ; Output ; Info     ; Explicitly unconnected                    ;
+--------+--------+----------+-------------------------------------------+


+------------------------------------------------------------------------+
; Port Connectivity Checks: "ALUNBits:ALU_FPGA|ALU:alubucle[21].ALUBitX" ;
+--------+--------+----------+-------------------------------------------+
; Port   ; Type   ; Severity ; Details                                   ;
+--------+--------+----------+-------------------------------------------+
; less_i ; Input  ; Info     ; Stuck at GND                              ;
; sltu_i ; Input  ; Info     ; Stuck at GND                              ;
; set_o  ; Output ; Info     ; Explicitly unconnected                    ;
+--------+--------+----------+-------------------------------------------+


+------------------------------------------------------------------------+
; Port Connectivity Checks: "ALUNBits:ALU_FPGA|ALU:alubucle[20].ALUBitX" ;
+--------+--------+----------+-------------------------------------------+
; Port   ; Type   ; Severity ; Details                                   ;
+--------+--------+----------+-------------------------------------------+
; less_i ; Input  ; Info     ; Stuck at GND                              ;
; sltu_i ; Input  ; Info     ; Stuck at GND                              ;
; set_o  ; Output ; Info     ; Explicitly unconnected                    ;
+--------+--------+----------+-------------------------------------------+


+------------------------------------------------------------------------+
; Port Connectivity Checks: "ALUNBits:ALU_FPGA|ALU:alubucle[19].ALUBitX" ;
+--------+--------+----------+-------------------------------------------+
; Port   ; Type   ; Severity ; Details                                   ;
+--------+--------+----------+-------------------------------------------+
; less_i ; Input  ; Info     ; Stuck at GND                              ;
; sltu_i ; Input  ; Info     ; Stuck at GND                              ;
; set_o  ; Output ; Info     ; Explicitly unconnected                    ;
+--------+--------+----------+-------------------------------------------+


+------------------------------------------------------------------------+
; Port Connectivity Checks: "ALUNBits:ALU_FPGA|ALU:alubucle[18].ALUBitX" ;
+--------+--------+----------+-------------------------------------------+
; Port   ; Type   ; Severity ; Details                                   ;
+--------+--------+----------+-------------------------------------------+
; less_i ; Input  ; Info     ; Stuck at GND                              ;
; sltu_i ; Input  ; Info     ; Stuck at GND                              ;
; set_o  ; Output ; Info     ; Explicitly unconnected                    ;
+--------+--------+----------+-------------------------------------------+


+------------------------------------------------------------------------+
; Port Connectivity Checks: "ALUNBits:ALU_FPGA|ALU:alubucle[17].ALUBitX" ;
+--------+--------+----------+-------------------------------------------+
; Port   ; Type   ; Severity ; Details                                   ;
+--------+--------+----------+-------------------------------------------+
; less_i ; Input  ; Info     ; Stuck at GND                              ;
; sltu_i ; Input  ; Info     ; Stuck at GND                              ;
; set_o  ; Output ; Info     ; Explicitly unconnected                    ;
+--------+--------+----------+-------------------------------------------+


+------------------------------------------------------------------------+
; Port Connectivity Checks: "ALUNBits:ALU_FPGA|ALU:alubucle[16].ALUBitX" ;
+--------+--------+----------+-------------------------------------------+
; Port   ; Type   ; Severity ; Details                                   ;
+--------+--------+----------+-------------------------------------------+
; less_i ; Input  ; Info     ; Stuck at GND                              ;
; sltu_i ; Input  ; Info     ; Stuck at GND                              ;
; set_o  ; Output ; Info     ; Explicitly unconnected                    ;
+--------+--------+----------+-------------------------------------------+


+------------------------------------------------------------------------+
; Port Connectivity Checks: "ALUNBits:ALU_FPGA|ALU:alubucle[15].ALUBitX" ;
+--------+--------+----------+-------------------------------------------+
; Port   ; Type   ; Severity ; Details                                   ;
+--------+--------+----------+-------------------------------------------+
; less_i ; Input  ; Info     ; Stuck at GND                              ;
; sltu_i ; Input  ; Info     ; Stuck at GND                              ;
; set_o  ; Output ; Info     ; Explicitly unconnected                    ;
+--------+--------+----------+-------------------------------------------+


+------------------------------------------------------------------------+
; Port Connectivity Checks: "ALUNBits:ALU_FPGA|ALU:alubucle[14].ALUBitX" ;
+--------+--------+----------+-------------------------------------------+
; Port   ; Type   ; Severity ; Details                                   ;
+--------+--------+----------+-------------------------------------------+
; less_i ; Input  ; Info     ; Stuck at GND                              ;
; sltu_i ; Input  ; Info     ; Stuck at GND                              ;
; set_o  ; Output ; Info     ; Explicitly unconnected                    ;
+--------+--------+----------+-------------------------------------------+


+------------------------------------------------------------------------+
; Port Connectivity Checks: "ALUNBits:ALU_FPGA|ALU:alubucle[13].ALUBitX" ;
+--------+--------+----------+-------------------------------------------+
; Port   ; Type   ; Severity ; Details                                   ;
+--------+--------+----------+-------------------------------------------+
; less_i ; Input  ; Info     ; Stuck at GND                              ;
; sltu_i ; Input  ; Info     ; Stuck at GND                              ;
; set_o  ; Output ; Info     ; Explicitly unconnected                    ;
+--------+--------+----------+-------------------------------------------+


+------------------------------------------------------------------------+
; Port Connectivity Checks: "ALUNBits:ALU_FPGA|ALU:alubucle[12].ALUBitX" ;
+--------+--------+----------+-------------------------------------------+
; Port   ; Type   ; Severity ; Details                                   ;
+--------+--------+----------+-------------------------------------------+
; less_i ; Input  ; Info     ; Stuck at GND                              ;
; sltu_i ; Input  ; Info     ; Stuck at GND                              ;
; set_o  ; Output ; Info     ; Explicitly unconnected                    ;
+--------+--------+----------+-------------------------------------------+


+------------------------------------------------------------------------+
; Port Connectivity Checks: "ALUNBits:ALU_FPGA|ALU:alubucle[11].ALUBitX" ;
+--------+--------+----------+-------------------------------------------+
; Port   ; Type   ; Severity ; Details                                   ;
+--------+--------+----------+-------------------------------------------+
; less_i ; Input  ; Info     ; Stuck at GND                              ;
; sltu_i ; Input  ; Info     ; Stuck at GND                              ;
; set_o  ; Output ; Info     ; Explicitly unconnected                    ;
+--------+--------+----------+-------------------------------------------+


+------------------------------------------------------------------------+
; Port Connectivity Checks: "ALUNBits:ALU_FPGA|ALU:alubucle[10].ALUBitX" ;
+--------+--------+----------+-------------------------------------------+
; Port   ; Type   ; Severity ; Details                                   ;
+--------+--------+----------+-------------------------------------------+
; less_i ; Input  ; Info     ; Stuck at GND                              ;
; sltu_i ; Input  ; Info     ; Stuck at GND                              ;
; set_o  ; Output ; Info     ; Explicitly unconnected                    ;
+--------+--------+----------+-------------------------------------------+


+-----------------------------------------------------------------------+
; Port Connectivity Checks: "ALUNBits:ALU_FPGA|ALU:alubucle[9].ALUBitX" ;
+--------+--------+----------+------------------------------------------+
; Port   ; Type   ; Severity ; Details                                  ;
+--------+--------+----------+------------------------------------------+
; less_i ; Input  ; Info     ; Stuck at GND                             ;
; sltu_i ; Input  ; Info     ; Stuck at GND                             ;
; set_o  ; Output ; Info     ; Explicitly unconnected                   ;
+--------+--------+----------+------------------------------------------+


+-----------------------------------------------------------------------+
; Port Connectivity Checks: "ALUNBits:ALU_FPGA|ALU:alubucle[8].ALUBitX" ;
+--------+--------+----------+------------------------------------------+
; Port   ; Type   ; Severity ; Details                                  ;
+--------+--------+----------+------------------------------------------+
; less_i ; Input  ; Info     ; Stuck at GND                             ;
; sltu_i ; Input  ; Info     ; Stuck at GND                             ;
; set_o  ; Output ; Info     ; Explicitly unconnected                   ;
+--------+--------+----------+------------------------------------------+


+-----------------------------------------------------------------------+
; Port Connectivity Checks: "ALUNBits:ALU_FPGA|ALU:alubucle[7].ALUBitX" ;
+--------+--------+----------+------------------------------------------+
; Port   ; Type   ; Severity ; Details                                  ;
+--------+--------+----------+------------------------------------------+
; less_i ; Input  ; Info     ; Stuck at GND                             ;
; sltu_i ; Input  ; Info     ; Stuck at GND                             ;
; set_o  ; Output ; Info     ; Explicitly unconnected                   ;
+--------+--------+----------+------------------------------------------+


+-----------------------------------------------------------------------+
; Port Connectivity Checks: "ALUNBits:ALU_FPGA|ALU:alubucle[6].ALUBitX" ;
+--------+--------+----------+------------------------------------------+
; Port   ; Type   ; Severity ; Details                                  ;
+--------+--------+----------+------------------------------------------+
; less_i ; Input  ; Info     ; Stuck at GND                             ;
; sltu_i ; Input  ; Info     ; Stuck at GND                             ;
; set_o  ; Output ; Info     ; Explicitly unconnected                   ;
+--------+--------+----------+------------------------------------------+


+-----------------------------------------------------------------------+
; Port Connectivity Checks: "ALUNBits:ALU_FPGA|ALU:alubucle[5].ALUBitX" ;
+--------+--------+----------+------------------------------------------+
; Port   ; Type   ; Severity ; Details                                  ;
+--------+--------+----------+------------------------------------------+
; less_i ; Input  ; Info     ; Stuck at GND                             ;
; sltu_i ; Input  ; Info     ; Stuck at GND                             ;
; set_o  ; Output ; Info     ; Explicitly unconnected                   ;
+--------+--------+----------+------------------------------------------+


+-----------------------------------------------------------------------+
; Port Connectivity Checks: "ALUNBits:ALU_FPGA|ALU:alubucle[4].ALUBitX" ;
+--------+--------+----------+------------------------------------------+
; Port   ; Type   ; Severity ; Details                                  ;
+--------+--------+----------+------------------------------------------+
; less_i ; Input  ; Info     ; Stuck at GND                             ;
; sltu_i ; Input  ; Info     ; Stuck at GND                             ;
; set_o  ; Output ; Info     ; Explicitly unconnected                   ;
+--------+--------+----------+------------------------------------------+


+-----------------------------------------------------------------------+
; Port Connectivity Checks: "ALUNBits:ALU_FPGA|ALU:alubucle[3].ALUBitX" ;
+--------+--------+----------+------------------------------------------+
; Port   ; Type   ; Severity ; Details                                  ;
+--------+--------+----------+------------------------------------------+
; less_i ; Input  ; Info     ; Stuck at GND                             ;
; sltu_i ; Input  ; Info     ; Stuck at GND                             ;
; set_o  ; Output ; Info     ; Explicitly unconnected                   ;
+--------+--------+----------+------------------------------------------+


+-----------------------------------------------------------------------+
; Port Connectivity Checks: "ALUNBits:ALU_FPGA|ALU:alubucle[2].ALUBitX" ;
+--------+--------+----------+------------------------------------------+
; Port   ; Type   ; Severity ; Details                                  ;
+--------+--------+----------+------------------------------------------+
; less_i ; Input  ; Info     ; Stuck at GND                             ;
; sltu_i ; Input  ; Info     ; Stuck at GND                             ;
; set_o  ; Output ; Info     ; Explicitly unconnected                   ;
+--------+--------+----------+------------------------------------------+


+-----------------------------------------------------------------------+
; Port Connectivity Checks: "ALUNBits:ALU_FPGA|ALU:alubucle[1].ALUBitX" ;
+--------+--------+----------+------------------------------------------+
; Port   ; Type   ; Severity ; Details                                  ;
+--------+--------+----------+------------------------------------------+
; less_i ; Input  ; Info     ; Stuck at GND                             ;
; sltu_i ; Input  ; Info     ; Stuck at GND                             ;
; set_o  ; Output ; Info     ; Explicitly unconnected                   ;
+--------+--------+----------+------------------------------------------+


+-----------------------------------------------------------------------+
; Port Connectivity Checks: "ALUNBits:ALU_FPGA|ALU:alubucle[0].ALUBit0" ;
+-------+--------+----------+-------------------------------------------+
; Port  ; Type   ; Severity ; Details                                   ;
+-------+--------+----------+-------------------------------------------+
; set_o ; Output ; Info     ; Explicitly unconnected                    ;
+-------+--------+----------+-------------------------------------------+


+-----------------------------------------------------+
; Post-Synthesis Netlist Statistics for Top Partition ;
+-----------------------+-----------------------------+
; Type                  ; Count                       ;
+-----------------------+-----------------------------+
; boundary_port         ; 69                          ;
; cycloneiii_lcell_comb ; 195                         ;
;     normal            ; 195                         ;
;         0 data inputs ; 1                           ;
;         1 data inputs ; 8                           ;
;         2 data inputs ; 6                           ;
;         3 data inputs ; 19                          ;
;         4 data inputs ; 161                         ;
;                       ;                             ;
; Max LUT depth         ; 13.00                       ;
; Average LUT depth     ; 9.40                        ;
+-----------------------+-----------------------------+


+-------------------------------+
; Elapsed Time Per Partition    ;
+----------------+--------------+
; Partition Name ; Elapsed Time ;
+----------------+--------------+
; Top            ; 00:00:01     ;
+----------------+--------------+


+-------------------------------+
; Analysis & Synthesis Messages ;
+-------------------------------+
Info: *******************************************************************
Info: Running Quartus Prime Analysis & Synthesis
    Info: Version 18.0.0 Build 614 04/24/2018 SJ Lite Edition
    Info: Processing started: Thu May 02 21:10:32 2024
Info: Command: quartus_map --read_settings_files=on --write_settings_files=off ALU -c ALU
Warning (18236): Number of processors has not been specified which may cause overloading on shared machines.  Set the global assignment NUM_PARALLEL_PROCESSORS in your QSF to an appropriate value for best performance.
Info (20030): Parallel compilation is enabled and will use 6 of the 6 processors detected
Info (12021): Found 1 design units, including 1 entities, in source file fulladder/fulladder.v
    Info (12023): Found entity 1: fulladder File: D:/Descargas/ALU Primera versión/ALU Primera versión/fulladder/fulladder.v Line: 6
Info (12021): Found 1 design units, including 1 entities, in source file alu.v
    Info (12023): Found entity 1: ALU File: D:/Descargas/ALU Primera versión/ALU Primera versión/ALU.v Line: 1
Info (12021): Found 1 design units, including 1 entities, in source file alunbits.v
    Info (12023): Found entity 1: ALUNBits File: D:/Descargas/ALU Primera versión/ALU Primera versión/ALUNBits.v Line: 1
Info (12021): Found 1 design units, including 1 entities, in source file alubitn.v
    Info (12023): Found entity 1: ALUBitN File: D:/Descargas/ALU Primera versión/ALU Primera versión/ALUBitN.v Line: 1
Info (12021): Found 1 design units, including 1 entities, in source file disp7segs.v
    Info (12023): Found entity 1: Disp7segs File: D:/Descargas/ALU Primera versión/ALU Primera versión/Disp7segs.v Line: 1
Info (12021): Found 1 design units, including 1 entities, in source file alunbits_fpga.v
    Info (12023): Found entity 1: ALUNBits_FPGA File: D:/Descargas/ALU Primera versión/ALU Primera versión/ALUNBits_FPGA.v Line: 1
Info (12021): Found 1 design units, including 1 entities, in source file memoria_a.v
    Info (12023): Found entity 1: memoria_a File: D:/Descargas/ALU Primera versión/ALU Primera versión/memoria_a.v Line: 1
Info (12021): Found 1 design units, including 1 entities, in source file memoria_b.v
    Info (12023): Found entity 1: memoria_b File: D:/Descargas/ALU Primera versión/ALU Primera versión/memoria_b.v Line: 1
Info (12127): Elaborating entity "ALUNBits_FPGA" for the top level hierarchy
Info (12128): Elaborating entity "memoria_a" for hierarchy "memoria_a:mema" File: D:/Descargas/ALU Primera versión/ALU Primera versión/ALUNBits_FPGA.v Line: 32
Warning (10030): Net "memory.data_a" at memoria_a.v(9) has no driver or initial value, using a default initial value '0' File: D:/Descargas/ALU Primera versión/ALU Primera versión/memoria_a.v Line: 9
Warning (10030): Net "memory.waddr_a" at memoria_a.v(9) has no driver or initial value, using a default initial value '0' File: D:/Descargas/ALU Primera versión/ALU Primera versión/memoria_a.v Line: 9
Warning (10030): Net "memory.we_a" at memoria_a.v(9) has no driver or initial value, using a default initial value '0' File: D:/Descargas/ALU Primera versión/ALU Primera versión/memoria_a.v Line: 9
Info (12128): Elaborating entity "memoria_b" for hierarchy "memoria_b:memb" File: D:/Descargas/ALU Primera versión/ALU Primera versión/ALUNBits_FPGA.v Line: 39
Warning (10030): Net "memory.data_a" at memoria_b.v(9) has no driver or initial value, using a default initial value '0' File: D:/Descargas/ALU Primera versión/ALU Primera versión/memoria_b.v Line: 9
Warning (10030): Net "memory.waddr_a" at memoria_b.v(9) has no driver or initial value, using a default initial value '0' File: D:/Descargas/ALU Primera versión/ALU Primera versión/memoria_b.v Line: 9
Warning (10030): Net "memory.we_a" at memoria_b.v(9) has no driver or initial value, using a default initial value '0' File: D:/Descargas/ALU Primera versión/ALU Primera versión/memoria_b.v Line: 9
Info (12128): Elaborating entity "ALUNBits" for hierarchy "ALUNBits:ALU_FPGA" File: D:/Descargas/ALU Primera versión/ALU Primera versión/ALUNBits_FPGA.v Line: 56
Warning (10764): Verilog HDL warning at ALUNBits.v(79): converting signed shift amount to unsigned File: D:/Descargas/ALU Primera versión/ALU Primera versión/ALUNBits.v Line: 79
Warning (10034): Output port "c_o" at ALUNBits.v(11) has no driver File: D:/Descargas/ALU Primera versión/ALU Primera versión/ALUNBits.v Line: 11
Info (12128): Elaborating entity "ALU" for hierarchy "ALUNBits:ALU_FPGA|ALU:alubucle[0].ALUBit0" File: D:/Descargas/ALU Primera versión/ALU Primera versión/ALUNBits.v Line: 40
Info (12128): Elaborating entity "fulladder" for hierarchy "ALUNBits:ALU_FPGA|ALU:alubucle[0].ALUBit0|fulladder:fa1bit" File: D:/Descargas/ALU Primera versión/ALU Primera versión/ALU.v Line: 40
Info (12128): Elaborating entity "Disp7segs" for hierarchy "Disp7segs:Disp0" File: D:/Descargas/ALU Primera versión/ALU Primera versión/ALUNBits_FPGA.v Line: 66
Info (276014): Found 2 instances of uninferred RAM logic
    Info (276004): RAM logic "memoria_a:mema|memory" is uninferred due to inappropriate RAM size File: D:/Descargas/ALU Primera versión/ALU Primera versión/memoria_a.v Line: 9
    Info (276004): RAM logic "memoria_b:memb|memory" is uninferred due to inappropriate RAM size File: D:/Descargas/ALU Primera versión/ALU Primera versión/memoria_b.v Line: 9
Warning (127007): Memory Initialization File or Hexadecimal (Intel-Format) File "D:/Descargas/ALU Primera versión/ALU Primera versión/db/ALU.ram0_memoria_a_e2bb3591.hdl.mif" contains "don't care" values -- overwriting them with 0s
Warning (127007): Memory Initialization File or Hexadecimal (Intel-Format) File "D:/Descargas/ALU Primera versión/ALU Primera versión/db/ALU.ram0_memoria_b_e2bb3592.hdl.mif" contains "don't care" values -- overwriting them with 0s
Warning (13024): Output pins are stuck at VCC or GND
    Warning (13410): Pin "c_o" is stuck at GND File: D:/Descargas/ALU Primera versión/ALU Primera versión/ALUNBits_FPGA.v Line: 8
Info (286030): Timing-Driven Synthesis is running
Info (16010): Generating hard_block partition "hard_block:auto_generated_inst"
    Info (16011): Adding 0 node(s), including 0 DDIO, 0 PLL, 0 transceiver and 0 LCELL
Info (21057): Implemented 255 device resources after synthesis - the final resource count might be different
    Info (21058): Implemented 12 input pins
    Info (21059): Implemented 57 output pins
    Info (21061): Implemented 186 logic cells
Info: Quartus Prime Analysis & Synthesis was successful. 0 errors, 13 warnings
    Info: Peak virtual memory: 4765 megabytes
    Info: Processing ended: Thu May 02 21:10:42 2024
    Info: Elapsed time: 00:00:10
    Info: Total CPU time (on all processors): 00:00:20


